2017-07-23 10:53:05.629579
vms: 3273465856
old_vms: 0
diff_vms: 3273465856
percent_vms: 100.0%

total unresponsive seconds: 0total seconds: 02017-07-23 10:53:06.633932
vms: 3273465856
old_vms: 3273465856
diff_vms: 0
percent_vms: 0.0%

total unresponsive seconds: 0total seconds: 12017-07-23 10:53:07.638357
vms: 3273465856
old_vms: 3273465856
diff_vms: 0
percent_vms: 0.0%

total unresponsive seconds: 0total seconds: 22017-07-23 10:53:08.642270
vms: 3273465856
old_vms: 3273465856
diff_vms: 0
percent_vms: 0.0%

total unresponsive seconds: 0total seconds: 32017-07-23 10:53:09.647686
vms: 3273465856
old_vms: 3273465856
diff_vms: 0
percent_vms: 0.0%

total unresponsive seconds: 0total seconds: 4